<?xml version="1.0" encoding="UTF-8"?>
<!-- Generated by org.testng.reporters.JUnitXMLReporter -->
<testsuite ignored="0" hostname="MININT-J6FPSUI" failures="1" tests="4" name="Validate Navigation Panel Test" time="22.265" errors="0" timestamp="2021-05-11T22:54:59 NPT">
  <testcase classname="Academy.ValidateTitleTest" name="validateTitle" time="0.581"/>
  <testcase classname="Academy.ValidateNavigationPanelTest" name="validateNavigationPanel" time="0.447"/>
  <testcase classname="Academy.HomePageTest" name="BasePageNavigation" time="5.995"/>
  <testcase classname="Academy.ValidateTitleTest" name="validatezHeader" time="0.22">
    <failure type="java.lang.AssertionError" message="expected [An Academy to learn Everything about Testing] but found [AN ACADEMY TO LEARN EVERYTHING ABOUT TESTING]">
      <![CDATA[java.lang.AssertionError: expected [An Academy to learn Everything about Testing] but found [AN ACADEMY TO LEARN EVERYTHING ABOUT TESTING]
at Academy.ValidateTitleTest.validatezHeader(ValidateTitleTest.java:53)
at java.base/java.util.ArrayList.forEach(ArrayList.java:1511)
at java.base/java.util.concurrent.FutureTask.run(FutureTask.java:264)
at java.base/java.util.concurrent.ThreadPoolExecutor.runWorker(ThreadPoolExecutor.java:1130)
at java.base/java.util.concurrent.ThreadPoolExecutor$Worker.run(ThreadPoolExecutor.java:630)
at java.base/java.lang.Thread.run(Thread.java:832)
... Removed 23 stack frames]]>
    </failure>
  </testcase> <!-- validatezHeader -->
</testsuite> <!-- Validate Navigation Panel Test -->
